# JRE version: OpenJDK Runtime Environment (17.0.11) (build 17.0.11+0--11852314)
# Java VM: OpenJDK 64-Bit Server VM (17.0.11+0--11852314, mixed mode, tiered, compressed oops, compressed class ptrs, g1 gc, windows-amd64)
GC Precious Log:
 CPUs: 8 total, 8 available
 Memory: 15694M
 Large Page Support: Disabled
 NUMA Support: Disabled
 Compressed Oops: Enabled (32-bit)
 Heap Region Size: 1M
 Heap Min Capacity: 8M
 Heap Initial Capacity: 246M
 Heap Max Capacity: 2G
 Pre-touch: Disabled
 Parallel Workers: 8
 Concurrent Workers: 2
 Concurrent Refinement Workers: 8
 Periodic GC: Disabled
Heap:
 garbage-first heap   total 326656K, used 217533K [0x0000000080000000, 0x0000000100000000)
  region size 1024K, 9 young (9216K), 9 survivors (9216K)
 Metaspace       used 116352K, committed 117184K, reserved 1179648K
  class space    used 16103K, committed 16512K, reserved 1048576K
GC Heap History (20 events):
Event: 11.265 GC heap after
{Heap after GC invocations=31 (full 0):
 garbage-first heap   total 163840K, used 98658K [0x0000000080000000, 0x0000000100000000)
  region size 1024K, 6 young (6144K), 6 survivors (6144K)
 Metaspace       used 99107K, committed 99840K, reserved 1179648K
  class space    used 13855K, committed 14208K, reserved 1048576K
}
Event: 11.641 GC heap before
{Heap before GC invocations=31 (full 0):
 garbage-first heap   total 163840K, used 135522K [0x0000000080000000, 0x0000000100000000)
  region size 1024K, 43 young (44032K), 6 survivors (6144K)
 Metaspace       used 99821K, committed 100544K, reserved 1179648K
  class space    used 13968K, committed 14336K, reserved 1048576K
}
Event: 11.647 GC heap after
{Heap after GC invocations=32 (full 0):
 garbage-first heap   total 232448K, used 101496K [0x0000000080000000, 0x0000000100000000)
  region size 1024K, 5 young (5120K), 5 survivors (5120K)
 Metaspace       used 99821K, committed 100544K, reserved 1179648K
  class space    used 13968K, committed 14336K, reserved 1048576K
}
Event: 12.934 GC heap before
{Heap before GC invocations=32 (full 0):
 garbage-first heap   total 232448K, used 192632K [0x0000000080000000, 0x0000000100000000)
  region size 1024K, 90 young (92160K), 5 survivors (5120K)
 Metaspace       used 105468K, committed 106240K, reserved 1179648K
  class space    used 14590K, committed 14976K, reserved 1048576K
}
Event: 12.940 GC heap after
{Heap after GC invocations=33 (full 0):
 garbage-first heap   total 232448K, used 106043K [0x0000000080000000, 0x0000000100000000)
  region size 1024K, 9 young (9216K), 9 survivors (9216K)
 Metaspace       used 105468K, committed 106240K, reserved 1179648K
  class space    used 14590K, committed 14976K, reserved 1048576K
}
Event: 24.498 GC heap before
{Heap before GC invocations=33 (full 0):
 garbage-first heap   total 232448K, used 187963K [0x0000000080000000, 0x0000000100000000)
  region size 1024K, 90 young (92160K), 9 survivors (9216K)
 Metaspace       used 106966K, committed 107712K, reserved 1179648K
  class space    used 14762K, committed 15104K, reserved 1048576K
}
Event: 24.507 GC heap after
{Heap after GC invocations=34 (full 0):
 garbage-first heap   total 232448K, used 112963K [0x0000000080000000, 0x0000000100000000)
  region size 1024K, 10 young (10240K), 10 survivors (10240K)
 Metaspace       used 106966K, committed 107712K, reserved 1179648K
  class space    used 14762K, committed 15104K, reserved 1048576K
}
Event: 25.272 GC heap before
{Heap before GC invocations=34 (full 0):
 garbage-first heap   total 232448K, used 186691K [0x0000000080000000, 0x0000000100000000)
  region size 1024K, 83 young (84992K), 10 survivors (10240K)
 Metaspace       used 108550K, committed 109312K, reserved 1179648K
  class space    used 14948K, committed 15296K, reserved 1048576K
}
Event: 25.279 GC heap after
{Heap after GC invocations=35 (full 0):
 garbage-first heap   total 232448K, used 118437K [0x0000000080000000, 0x0000000100000000)
  region size 1024K, 8 young (8192K), 8 survivors (8192K)
 Metaspace       used 108550K, committed 109312K, reserved 1179648K
  class space    used 14948K, committed 15296K, reserved 1048576K
}
Event: 25.818 GC heap before
{Heap before GC invocations=35 (full 0):
 garbage-first heap   total 232448K, used 206501K [0x0000000080000000, 0x0000000100000000)
  region size 1024K, 71 young (72704K), 8 survivors (8192K)
 Metaspace       used 111846K, committed 112768K, reserved 1179648K
  class space    used 15423K, committed 15872K, reserved 1048576K
}
Event: 25.824 GC heap after
{Heap after GC invocations=36 (full 0):
 garbage-first heap   total 232448K, used 150981K [0x0000000080000000, 0x0000000100000000)
  region size 1024K, 9 young (9216K), 9 survivors (9216K)
 Metaspace       used 111846K, committed 112768K, reserved 1179648K
  class space    used 15423K, committed 15872K, reserved 1048576K
}
Event: 25.866 GC heap before
{Heap before GC invocations=36 (full 0):
 garbage-first heap   total 232448K, used 218565K [0x0000000080000000, 0x0000000100000000)
  region size 1024K, 24 young (24576K), 9 survivors (9216K)
 Metaspace       used 112161K, committed 113088K, reserved 1179648K
  class space    used 15472K, committed 15936K, reserved 1048576K
}
Event: 25.870 GC heap after
{Heap after GC invocations=37 (full 0):
 garbage-first heap   total 236544K, used 177767K [0x0000000080000000, 0x0000000100000000)
  region size 1024K, 6 young (6144K), 6 survivors (6144K)
 Metaspace       used 112161K, committed 113088K, reserved 1179648K
  class space    used 15472K, committed 15936K, reserved 1048576K
}
Event: 26.061 GC heap before
{Heap before GC invocations=38 (full 0):
 garbage-first heap   total 326656K, used 213607K [0x0000000080000000, 0x0000000100000000)
  region size 1024K, 29 young (29696K), 6 survivors (6144K)
 Metaspace       used 112369K, committed 113216K, reserved 1179648K
  class space    used 15513K, committed 15936K, reserved 1048576K
}
Event: 26.067 GC heap after
{Heap after GC invocations=39 (full 0):
 garbage-first heap   total 326656K, used 188859K [0x0000000080000000, 0x0000000100000000)
  region size 1024K, 4 young (4096K), 4 survivors (4096K)
 Metaspace       used 112369K, committed 113216K, reserved 1179648K
  class space    used 15513K, committed 15936K, reserved 1048576K
}
Event: 26.146 GC heap before
{Heap before GC invocations=39 (full 0):
 garbage-first heap   total 326656K, used 200123K [0x0000000080000000, 0x0000000100000000)
  region size 1024K, 15 young (15360K), 4 survivors (4096K)
 Metaspace       used 112417K, committed 113280K, reserved 1179648K
  class space    used 15513K, committed 15936K, reserved 1048576K
}
Event: 26.154 GC heap after
{Heap after GC invocations=40 (full 0):
 garbage-first heap   total 326656K, used 188394K [0x0000000080000000, 0x0000000100000000)
  region size 1024K, 2 young (2048K), 2 survivors (2048K)
 Metaspace       used 112417K, committed 113280K, reserved 1179648K
  class space    used 15513K, committed 15936K, reserved 1048576K
}
Event: 26.497 GC heap before
{Heap before GC invocations=40 (full 0):
 garbage-first heap   total 326656K, used 260074K [0x0000000080000000, 0x0000000100000000)
  region size 1024K, 72 young (73728K), 2 survivors (2048K)
 Metaspace       used 114837K, committed 115712K, reserved 1179648K
  class space    used 15845K, committed 16256K, reserved 1048576K
}
Event: 26.513 GC heap after
{Heap after GC invocations=41 (full 0):
 garbage-first heap   total 326656K, used 203715K [0x0000000080000000, 0x0000000100000000)
  region size 1024K, 9 young (9216K), 9 survivors (9216K)
 Metaspace       used 114837K, committed 115712K, reserved 1179648K
  class space    used 15845K, committed 16256K, reserved 1048576K
}
Event: 26.677 GC heap before
{Heap before GC invocations=41 (full 0):
 garbage-first heap   total 326656K, used 263106K [0x0000000080000000, 0x0000000100000000)
  region size 1024K, 67 young (68608K), 9 survivors (9216K)
 Metaspace       used 116352K, committed 117184K, reserved 1179648K
  class space    used 16103K, committed 16512K, reserved 1048576K
}

