# JRE version: OpenJDK Runtime Environment (17.0.11) (build 17.0.11+0--11852314)
# Java VM: OpenJDK 64-Bit Server VM (17.0.11+0--11852314, mixed mode, tiered, compressed oops, compressed class ptrs, g1 gc, windows-amd64)
GC Precious Log:
 CPUs: 8 total, 8 available
 Memory: 15694M
 Large Page Support: Disabled
 NUMA Support: Disabled
 Compressed Oops: Enabled (32-bit)
 Heap Region Size: 1M
 Heap Min Capacity: 8M
 Heap Initial Capacity: 246M
 Heap Max Capacity: 2G
 Pre-touch: Disabled
 Parallel Workers: 8
 Concurrent Workers: 2
 Concurrent Refinement Workers: 8
 Periodic GC: Disabled
Heap:
 garbage-first heap   total 150528K, used 104548K [0x0000000080000000, 0x0000000100000000)
  region size 1024K, 7 young (7168K), 1 survivors (1024K)
 Metaspace       used 62649K, committed 63296K, reserved 1114112K
  class space    used 8584K, committed 8896K, reserved 1048576K
GC Heap History (20 events):
Event: 5.242 GC heap before
{Heap before GC invocations=22 (full 0):
 garbage-first heap   total 114688K, used 69635K [0x0000000080000000, 0x0000000100000000)
  region size 1024K, 9 young (9216K), 3 survivors (3072K)
 Metaspace       used 50721K, committed 51200K, reserved 1114112K
  class space    used 6851K, committed 7104K, reserved 1048576K
}
Event: 5.244 GC heap after
{Heap after GC invocations=23 (full 0):
 garbage-first heap   total 114688K, used 66778K [0x0000000080000000, 0x0000000100000000)
  region size 1024K, 2 young (2048K), 2 survivors (2048K)
 Metaspace       used 50721K, committed 51200K, reserved 1114112K
  class space    used 6851K, committed 7104K, reserved 1048576K
}
Event: 5.428 GC heap before
{Heap before GC invocations=24 (full 0):
 garbage-first heap   total 121856K, used 84186K [0x0000000080000000, 0x0000000100000000)
  region size 1024K, 17 young (17408K), 2 survivors (2048K)
 Metaspace       used 52849K, committed 53440K, reserved 1114112K
  class space    used 7066K, committed 7360K, reserved 1048576K
}
Event: 5.430 GC heap after
{Heap after GC invocations=25 (full 0):
 garbage-first heap   total 121856K, used 67057K [0x0000000080000000, 0x0000000100000000)
  region size 1024K, 2 young (2048K), 2 survivors (2048K)
 Metaspace       used 52849K, committed 53440K, reserved 1114112K
  class space    used 7066K, committed 7360K, reserved 1048576K
}
Event: 5.615 GC heap before
{Heap before GC invocations=25 (full 0):
 garbage-first heap   total 121856K, used 86513K [0x0000000080000000, 0x0000000100000000)
  region size 1024K, 22 young (22528K), 2 survivors (2048K)
 Metaspace       used 53755K, committed 54272K, reserved 1114112K
  class space    used 7226K, committed 7488K, reserved 1048576K
}
Event: 5.617 GC heap after
{Heap after GC invocations=26 (full 0):
 garbage-first heap   total 121856K, used 68209K [0x0000000080000000, 0x0000000100000000)
  region size 1024K, 2 young (2048K), 2 survivors (2048K)
 Metaspace       used 53755K, committed 54272K, reserved 1114112K
  class space    used 7226K, committed 7488K, reserved 1048576K
}
Event: 5.944 GC heap before
{Heap before GC invocations=27 (full 0):
 garbage-first heap   total 121856K, used 90737K [0x0000000080000000, 0x0000000100000000)
  region size 1024K, 24 young (24576K), 2 survivors (2048K)
 Metaspace       used 56650K, committed 57216K, reserved 1114112K
  class space    used 7679K, committed 7936K, reserved 1048576K
}
Event: 5.946 GC heap after
{Heap after GC invocations=28 (full 0):
 garbage-first heap   total 121856K, used 69425K [0x0000000080000000, 0x0000000100000000)
  region size 1024K, 2 young (2048K), 2 survivors (2048K)
 Metaspace       used 56650K, committed 57216K, reserved 1114112K
  class space    used 7679K, committed 7936K, reserved 1048576K
}
Event: 6.277 GC heap before
{Heap before GC invocations=28 (full 0):
 garbage-first heap   total 121856K, used 91953K [0x0000000080000000, 0x0000000100000000)
  region size 1024K, 25 young (25600K), 2 survivors (2048K)
 Metaspace       used 58798K, committed 59392K, reserved 1114112K
  class space    used 8068K, committed 8320K, reserved 1048576K
}
Event: 6.280 GC heap after
{Heap after GC invocations=29 (full 0):
 garbage-first heap   total 121856K, used 71188K [0x0000000080000000, 0x0000000100000000)
  region size 1024K, 4 young (4096K), 4 survivors (4096K)
 Metaspace       used 58798K, committed 59392K, reserved 1114112K
  class space    used 8068K, committed 8320K, reserved 1048576K
}
Event: 6.761 GC heap before
{Heap before GC invocations=30 (full 0):
 garbage-first heap   total 124928K, used 94740K [0x0000000080000000, 0x0000000100000000)
  region size 1024K, 27 young (27648K), 4 survivors (4096K)
 Metaspace       used 60964K, committed 61632K, reserved 1114112K
  class space    used 8390K, committed 8704K, reserved 1048576K
}
Event: 6.765 GC heap after
{Heap after GC invocations=31 (full 0):
 garbage-first heap   total 124928K, used 73409K [0x0000000080000000, 0x0000000100000000)
  region size 1024K, 4 young (4096K), 4 survivors (4096K)
 Metaspace       used 60964K, committed 61632K, reserved 1114112K
  class space    used 8390K, committed 8704K, reserved 1048576K
}
Event: 7.071 GC heap before
{Heap before GC invocations=31 (full 0):
 garbage-first heap   total 124928K, used 96961K [0x0000000080000000, 0x0000000100000000)
  region size 1024K, 28 young (28672K), 4 survivors (4096K)
 Metaspace       used 61493K, committed 62144K, reserved 1114112K
  class space    used 8433K, committed 8768K, reserved 1048576K
}
Event: 7.076 GC heap after
{Heap after GC invocations=32 (full 0):
 garbage-first heap   total 150528K, used 77052K [0x0000000080000000, 0x0000000100000000)
  region size 1024K, 4 young (4096K), 4 survivors (4096K)
 Metaspace       used 61493K, committed 62144K, reserved 1114112K
  class space    used 8433K, committed 8768K, reserved 1048576K
}
Event: 7.411 GC heap before
{Heap before GC invocations=33 (full 0):
 garbage-first heap   total 150528K, used 127228K [0x0000000080000000, 0x0000000100000000)
  region size 1024K, 42 young (43008K), 4 survivors (4096K)
 Metaspace       used 62408K, committed 63104K, reserved 1114112K
  class space    used 8556K, committed 8896K, reserved 1048576K
}
Event: 7.415 GC heap after
{Heap after GC invocations=34 (full 0):
 garbage-first heap   total 150528K, used 95677K [0x0000000080000000, 0x0000000100000000)
  region size 1024K, 6 young (6144K), 6 survivors (6144K)
 Metaspace       used 62408K, committed 63104K, reserved 1114112K
  class space    used 8556K, committed 8896K, reserved 1048576K
}
Event: 7.421 GC heap before
{Heap before GC invocations=34 (full 0):
 garbage-first heap   total 150528K, used 97725K [0x0000000080000000, 0x0000000100000000)
  region size 1024K, 7 young (7168K), 6 survivors (6144K)
 Metaspace       used 62414K, committed 63104K, reserved 1114112K
  class space    used 8557K, committed 8896K, reserved 1048576K
}
Event: 7.424 GC heap after
{Heap after GC invocations=35 (full 0):
 garbage-first heap   total 150528K, used 98385K [0x0000000080000000, 0x0000000100000000)
  region size 1024K, 1 young (1024K), 1 survivors (1024K)
 Metaspace       used 62414K, committed 63104K, reserved 1114112K
  class space    used 8557K, committed 8896K, reserved 1048576K
}
Event: 7.425 GC heap before
{Heap before GC invocations=35 (full 0):
 garbage-first heap   total 150528K, used 98385K [0x0000000080000000, 0x0000000100000000)
  region size 1024K, 2 young (2048K), 1 survivors (1024K)
 Metaspace       used 62414K, committed 63104K, reserved 1114112K
  class space    used 8557K, committed 8896K, reserved 1048576K
}
Event: 7.426 GC heap after
{Heap after GC invocations=36 (full 0):
 garbage-first heap   total 150528K, used 98404K [0x0000000080000000, 0x0000000100000000)
  region size 1024K, 1 young (1024K), 1 survivors (1024K)
 Metaspace       used 62414K, committed 63104K, reserved 1114112K
  class space    used 8557K, committed 8896K, reserved 1048576K
}

