# JRE version: OpenJDK Runtime Environment (17.0.11) (build 17.0.11+0--11852314)
# Java VM: OpenJDK 64-Bit Server VM (17.0.11+0--11852314, mixed mode, tiered, compressed oops, compressed class ptrs, g1 gc, windows-amd64)
GC Precious Log:
 CPUs: 8 total, 8 available
 Memory: 15694M
 Large Page Support: Disabled
 NUMA Support: Disabled
 Compressed Oops: Enabled (32-bit)
 Heap Region Size: 1M
 Heap Min Capacity: 8M
 Heap Initial Capacity: 246M
 Heap Max Capacity: 2G
 Pre-touch: Disabled
 Parallel Workers: 8
 Concurrent Workers: 2
 Concurrent Refinement Workers: 8
 Periodic GC: Disabled
Heap:
 garbage-first heap   total 372736K, used 185054K [0x0000000080000000, 0x0000000100000000)
  region size 1024K, 2 young (2048K), 2 survivors (2048K)
 Metaspace       used 110200K, committed 110976K, reserved 1179648K
  class space    used 15366K, committed 15744K, reserved 1048576K
GC Heap History (20 events):
Event: 11.203 GC heap after
{Heap after GC invocations=33 (full 0):
 garbage-first heap   total 158720K, used 95231K [0x0000000080000000, 0x0000000100000000)
  region size 1024K, 5 young (5120K), 5 survivors (5120K)
 Metaspace       used 99243K, committed 99904K, reserved 1179648K
  class space    used 13874K, committed 14208K, reserved 1048576K
}
Event: 11.533 GC heap before
{Heap before GC invocations=33 (full 0):
 garbage-first heap   total 158720K, used 134143K [0x0000000080000000, 0x0000000100000000)
  region size 1024K, 43 young (44032K), 5 survivors (5120K)
 Metaspace       used 100469K, committed 101248K, reserved 1179648K
  class space    used 14050K, committed 14400K, reserved 1048576K
}
Event: 11.539 GC heap after
{Heap after GC invocations=34 (full 0):
 garbage-first heap   total 158720K, used 100124K [0x0000000080000000, 0x0000000100000000)
  region size 1024K, 5 young (5120K), 5 survivors (5120K)
 Metaspace       used 100469K, committed 101248K, reserved 1179648K
  class space    used 14050K, committed 14400K, reserved 1048576K
}
Event: 11.842 GC heap before
{Heap before GC invocations=34 (full 0):
 garbage-first heap   total 158720K, used 131868K [0x0000000080000000, 0x0000000100000000)
  region size 1024K, 37 young (37888K), 5 survivors (5120K)
 Metaspace       used 101151K, committed 101888K, reserved 1179648K
  class space    used 14165K, committed 14528K, reserved 1048576K
}
Event: 11.846 GC heap after
{Heap after GC invocations=35 (full 0):
 garbage-first heap   total 256000K, used 101933K [0x0000000080000000, 0x0000000100000000)
  region size 1024K, 4 young (4096K), 4 survivors (4096K)
 Metaspace       used 101151K, committed 101888K, reserved 1179648K
  class space    used 14165K, committed 14528K, reserved 1048576K
}
Event: 12.533 GC heap before
{Heap before GC invocations=35 (full 0):
 garbage-first heap   total 256000K, used 215597K [0x0000000080000000, 0x0000000100000000)
  region size 1024K, 111 young (113664K), 4 survivors (4096K)
 Metaspace       used 103337K, committed 104064K, reserved 1179648K
  class space    used 14367K, committed 14720K, reserved 1048576K
}
Event: 12.539 GC heap after
{Heap after GC invocations=36 (full 0):
 garbage-first heap   total 256000K, used 106445K [0x0000000080000000, 0x0000000100000000)
  region size 1024K, 9 young (9216K), 9 survivors (9216K)
 Metaspace       used 103337K, committed 104064K, reserved 1179648K
  class space    used 14367K, committed 14720K, reserved 1048576K
}
Event: 12.672 GC heap before
{Heap before GC invocations=36 (full 0):
 garbage-first heap   total 256000K, used 153549K [0x0000000080000000, 0x0000000100000000)
  region size 1024K, 35 young (35840K), 9 survivors (9216K)
 Metaspace       used 104494K, committed 105216K, reserved 1179648K
  class space    used 14499K, committed 14848K, reserved 1048576K
}
Event: 12.677 GC heap after
{Heap after GC invocations=37 (full 0):
 garbage-first heap   total 256000K, used 134430K [0x0000000080000000, 0x0000000100000000)
  region size 1024K, 12 young (12288K), 12 survivors (12288K)
 Metaspace       used 104494K, committed 105216K, reserved 1179648K
  class space    used 14499K, committed 14848K, reserved 1048576K
}
Event: 12.972 GC heap before
{Heap before GC invocations=38 (full 0):
 garbage-first heap   total 256000K, used 205086K [0x0000000080000000, 0x0000000100000000)
  region size 1024K, 79 young (80896K), 12 survivors (12288K)
 Metaspace       used 106692K, committed 107520K, reserved 1179648K
  class space    used 14823K, committed 15232K, reserved 1048576K
}
Event: 12.983 GC heap after
{Heap after GC invocations=39 (full 0):
 garbage-first heap   total 256000K, used 145951K [0x0000000080000000, 0x0000000100000000)
  region size 1024K, 10 young (10240K), 10 survivors (10240K)
 Metaspace       used 106692K, committed 107520K, reserved 1179648K
  class space    used 14823K, committed 15232K, reserved 1048576K
}
Event: 12.990 GC heap before
{Heap before GC invocations=39 (full 0):
 garbage-first heap   total 256000K, used 147999K [0x0000000080000000, 0x0000000100000000)
  region size 1024K, 12 young (12288K), 10 survivors (10240K)
 Metaspace       used 106815K, committed 107584K, reserved 1179648K
  class space    used 14839K, committed 15232K, reserved 1048576K
}
Event: 12.994 GC heap after
{Heap after GC invocations=40 (full 0):
 garbage-first heap   total 256000K, used 146270K [0x0000000080000000, 0x0000000100000000)
  region size 1024K, 2 young (2048K), 2 survivors (2048K)
 Metaspace       used 106815K, committed 107584K, reserved 1179648K
  class space    used 14839K, committed 15232K, reserved 1048576K
}
Event: 13.150 GC heap before
{Heap before GC invocations=40 (full 0):
 garbage-first heap   total 256000K, used 241502K [0x0000000080000000, 0x0000000100000000)
  region size 1024K, 55 young (56320K), 2 survivors (2048K)
 Metaspace       used 108691K, committed 109504K, reserved 1179648K
  class space    used 15136K, committed 15552K, reserved 1048576K
}
Event: 13.155 GC heap after
{Heap after GC invocations=41 (full 0):
 garbage-first heap   total 256000K, used 171008K [0x0000000080000000, 0x0000000100000000)
  region size 1024K, 8 young (8192K), 8 survivors (8192K)
 Metaspace       used 108691K, committed 109504K, reserved 1179648K
  class space    used 15136K, committed 15552K, reserved 1048576K
}
Event: 13.155 GC heap before
{Heap before GC invocations=41 (full 0):
 garbage-first heap   total 256000K, used 174080K [0x0000000080000000, 0x0000000100000000)
  region size 1024K, 9 young (9216K), 8 survivors (8192K)
 Metaspace       used 108691K, committed 109504K, reserved 1179648K
  class space    used 15136K, committed 15552K, reserved 1048576K
}
Event: 13.158 GC heap after
{Heap after GC invocations=42 (full 0):
 garbage-first heap   total 256000K, used 174773K [0x0000000080000000, 0x0000000100000000)
  region size 1024K, 1 young (1024K), 1 survivors (1024K)
 Metaspace       used 108691K, committed 109504K, reserved 1179648K
  class space    used 15136K, committed 15552K, reserved 1048576K
}
Event: 13.316 GC heap before
{Heap before GC invocations=43 (full 0):
 garbage-first heap   total 372736K, used 235189K [0x0000000080000000, 0x0000000100000000)
  region size 1024K, 40 young (40960K), 1 survivors (1024K)
 Metaspace       used 109998K, committed 110848K, reserved 1179648K
  class space    used 15341K, committed 15744K, reserved 1048576K
}
Event: 13.320 GC heap after
{Heap after GC invocations=44 (full 0):
 garbage-first heap   total 372736K, used 185217K [0x0000000080000000, 0x0000000100000000)
  region size 1024K, 5 young (5120K), 5 survivors (5120K)
 Metaspace       used 109998K, committed 110848K, reserved 1179648K
  class space    used 15341K, committed 15744K, reserved 1048576K
}
Event: 13.346 GC heap before
{Heap before GC invocations=44 (full 0):
 garbage-first heap   total 372736K, used 197505K [0x0000000080000000, 0x0000000100000000)
  region size 1024K, 18 young (18432K), 5 survivors (5120K)
 Metaspace       used 110200K, committed 110976K, reserved 1179648K
  class space    used 15366K, committed 15744K, reserved 1048576K
}

