# JRE version: OpenJDK Runtime Environment (17.0.11) (build 17.0.11+0--11852314)
# Java VM: OpenJDK 64-Bit Server VM (17.0.11+0--11852314, mixed mode, tiered, compressed oops, compressed class ptrs, g1 gc, windows-amd64)
GC Precious Log:
 CPUs: 8 total, 8 available
 Memory: 15694M
 Large Page Support: Disabled
 NUMA Support: Disabled
 Compressed Oops: Enabled (32-bit)
 Heap Region Size: 1M
 Heap Min Capacity: 8M
 Heap Initial Capacity: 246M
 Heap Max Capacity: 2G
 Pre-touch: Disabled
 Parallel Workers: 8
 Concurrent Workers: 2
 Concurrent Refinement Workers: 8
 Periodic GC: Disabled
Heap:
 garbage-first heap   total 337920K, used 238408K [0x0000000080000000, 0x0000000100000000)
  region size 1024K, 8 young (8192K), 8 survivors (8192K)
 Metaspace       used 117528K, committed 118336K, reserved 1179648K
  class space    used 16713K, committed 17088K, reserved 1048576K
GC Heap History (20 events):
Event: 12.090 GC heap after
{Heap after GC invocations=35 (full 0):
 garbage-first heap   total 229376K, used 104410K [0x0000000080000000, 0x0000000100000000)
  region size 1024K, 12 young (12288K), 12 survivors (12288K)
 Metaspace       used 101224K, committed 101952K, reserved 1179648K
  class space    used 14167K, committed 14528K, reserved 1048576K
}
Event: 12.697 GC heap before
{Heap before GC invocations=35 (full 0):
 garbage-first heap   total 229376K, used 190426K [0x0000000080000000, 0x0000000100000000)
  region size 1024K, 92 young (94208K), 12 survivors (12288K)
 Metaspace       used 103000K, committed 103744K, reserved 1179648K
  class space    used 14303K, committed 14656K, reserved 1048576K
}
Event: 12.705 GC heap after
{Heap after GC invocations=36 (full 0):
 garbage-first heap   total 229376K, used 108979K [0x0000000080000000, 0x0000000100000000)
  region size 1024K, 7 young (7168K), 7 survivors (7168K)
 Metaspace       used 103000K, committed 103744K, reserved 1179648K
  class space    used 14303K, committed 14656K, reserved 1048576K
}
Event: 12.928 GC heap before
{Heap before GC invocations=36 (full 0):
 garbage-first heap   total 229376K, used 175539K [0x0000000080000000, 0x0000000100000000)
  region size 1024K, 54 young (55296K), 7 survivors (7168K)
 Metaspace       used 104381K, committed 105088K, reserved 1179648K
  class space    used 14486K, committed 14848K, reserved 1048576K
}
Event: 12.933 GC heap after
{Heap after GC invocations=37 (full 0):
 garbage-first heap   total 229376K, used 133676K [0x0000000080000000, 0x0000000100000000)
  region size 1024K, 11 young (11264K), 11 survivors (11264K)
 Metaspace       used 104381K, committed 105088K, reserved 1179648K
  class space    used 14486K, committed 14848K, reserved 1048576K
}
Event: 13.281 GC heap before
{Heap before GC invocations=38 (full 0):
 garbage-first heap   total 247808K, used 191020K [0x0000000080000000, 0x0000000100000000)
  region size 1024K, 63 young (64512K), 11 survivors (11264K)
 Metaspace       used 107120K, committed 107904K, reserved 1179648K
  class space    used 14895K, committed 15296K, reserved 1048576K
}
Event: 13.288 GC heap after
{Heap after GC invocations=39 (full 0):
 garbage-first heap   total 247808K, used 145116K [0x0000000080000000, 0x0000000100000000)
  region size 1024K, 7 young (7168K), 7 survivors (7168K)
 Metaspace       used 107120K, committed 107904K, reserved 1179648K
  class space    used 14895K, committed 15296K, reserved 1048576K
}
Event: 13.307 GC heap before
{Heap before GC invocations=39 (full 0):
 garbage-first heap   total 247808K, used 150236K [0x0000000080000000, 0x0000000100000000)
  region size 1024K, 12 young (12288K), 7 survivors (7168K)
 Metaspace       used 107275K, committed 108096K, reserved 1179648K
  class space    used 14923K, committed 15360K, reserved 1048576K
}
Event: 13.310 GC heap after
{Heap after GC invocations=40 (full 0):
 garbage-first heap   total 247808K, used 143515K [0x0000000080000000, 0x0000000100000000)
  region size 1024K, 2 young (2048K), 2 survivors (2048K)
 Metaspace       used 107275K, committed 108096K, reserved 1179648K
  class space    used 14923K, committed 15360K, reserved 1048576K
}
Event: 13.436 GC heap before
{Heap before GC invocations=40 (full 0):
 garbage-first heap   total 247808K, used 236699K [0x0000000080000000, 0x0000000100000000)
  region size 1024K, 42 young (43008K), 2 survivors (2048K)
 Metaspace       used 108450K, committed 109312K, reserved 1179648K
  class space    used 15121K, committed 15552K, reserved 1048576K
}
Event: 13.439 GC heap after
{Heap after GC invocations=41 (full 0):
 garbage-first heap   total 247808K, used 172031K [0x0000000080000000, 0x0000000100000000)
  region size 1024K, 8 young (8192K), 8 survivors (8192K)
 Metaspace       used 108450K, committed 109312K, reserved 1179648K
  class space    used 15121K, committed 15552K, reserved 1048576K
}
Event: 13.609 GC heap before
{Heap before GC invocations=42 (full 0):
 garbage-first heap   total 337920K, used 219135K [0x0000000080000000, 0x0000000100000000)
  region size 1024K, 42 young (43008K), 8 survivors (8192K)
 Metaspace       used 109439K, committed 110272K, reserved 1179648K
  class space    used 15278K, committed 15680K, reserved 1048576K
}
Event: 13.616 GC heap after
{Heap after GC invocations=43 (full 0):
 garbage-first heap   total 337920K, used 182723K [0x0000000080000000, 0x0000000100000000)
  region size 1024K, 6 young (6144K), 6 survivors (6144K)
 Metaspace       used 109439K, committed 110272K, reserved 1179648K
  class space    used 15278K, committed 15680K, reserved 1048576K
}
Event: 13.654 GC heap before
{Heap before GC invocations=43 (full 0):
 garbage-first heap   total 337920K, used 192963K [0x0000000080000000, 0x0000000100000000)
  region size 1024K, 16 young (16384K), 6 survivors (6144K)
 Metaspace       used 109760K, committed 110592K, reserved 1179648K
  class space    used 15318K, committed 15744K, reserved 1048576K
}
Event: 13.659 GC heap after
{Heap after GC invocations=44 (full 0):
 garbage-first heap   total 337920K, used 183854K [0x0000000080000000, 0x0000000100000000)
  region size 1024K, 2 young (2048K), 2 survivors (2048K)
 Metaspace       used 109760K, committed 110592K, reserved 1179648K
  class space    used 15318K, committed 15744K, reserved 1048576K
}
Event: 13.913 GC heap before
{Heap before GC invocations=44 (full 0):
 garbage-first heap   total 337920K, used 269870K [0x0000000080000000, 0x0000000100000000)
  region size 1024K, 85 young (87040K), 2 survivors (2048K)
 Metaspace       used 111710K, committed 112576K, reserved 1179648K
  class space    used 15654K, committed 16064K, reserved 1048576K
}
Event: 13.926 GC heap after
{Heap after GC invocations=45 (full 0):
 garbage-first heap   total 337920K, used 204952K [0x0000000080000000, 0x0000000100000000)
  region size 1024K, 11 young (11264K), 11 survivors (11264K)
 Metaspace       used 111710K, committed 112576K, reserved 1179648K
  class space    used 15654K, committed 16064K, reserved 1048576K
}
Event: 14.152 GC heap before
{Heap before GC invocations=45 (full 0):
 garbage-first heap   total 337920K, used 274584K [0x0000000080000000, 0x0000000100000000)
  region size 1024K, 76 young (77824K), 11 survivors (11264K)
 Metaspace       used 114557K, committed 115392K, reserved 1179648K
  class space    used 16099K, committed 16512K, reserved 1048576K
}
Event: 14.174 GC heap after
{Heap after GC invocations=46 (full 0):
 garbage-first heap   total 337920K, used 219705K [0x0000000080000000, 0x0000000100000000)
  region size 1024K, 10 young (10240K), 10 survivors (10240K)
 Metaspace       used 114557K, committed 115392K, reserved 1179648K
  class space    used 16099K, committed 16512K, reserved 1048576K
}
Event: 14.450 GC heap before
{Heap before GC invocations=46 (full 0):
 garbage-first heap   total 337920K, used 273977K [0x0000000080000000, 0x0000000100000000)
  region size 1024K, 64 young (65536K), 10 survivors (10240K)
 Metaspace       used 117528K, committed 118336K, reserved 1179648K
  class space    used 16713K, committed 17088K, reserved 1048576K
}

