# JRE version: OpenJDK Runtime Environment (17.0.11) (build 17.0.11+0--11852314)
# Java VM: OpenJDK 64-Bit Server VM (17.0.11+0--11852314, mixed mode, tiered, compressed oops, compressed class ptrs, g1 gc, windows-amd64)
GC Precious Log:
 CPUs: 8 total, 8 available
 Memory: 15694M
 Large Page Support: Disabled
 NUMA Support: Disabled
 Compressed Oops: Enabled (32-bit)
 Heap Region Size: 1M
 Heap Min Capacity: 8M
 Heap Initial Capacity: 246M
 Heap Max Capacity: 2G
 Pre-touch: Disabled
 Parallel Workers: 8
 Concurrent Workers: 2
 Concurrent Refinement Workers: 8
 Periodic GC: Disabled
Heap:
 garbage-first heap   total 314368K, used 186230K [0x0000000080000000, 0x0000000100000000)
  region size 1024K, 2 young (2048K), 2 survivors (2048K)
 Metaspace       used 110407K, committed 111232K, reserved 1179648K
  class space    used 15403K, committed 15808K, reserved 1048576K
GC Heap History (20 events):
Event: 11.354 GC heap after
{Heap after GC invocations=37 (full 0):
 garbage-first heap   total 193536K, used 98991K [0x0000000080000000, 0x0000000100000000)
  region size 1024K, 9 young (9216K), 9 survivors (9216K)
 Metaspace       used 100217K, committed 100992K, reserved 1179648K
  class space    used 14020K, committed 14400K, reserved 1048576K
}
Event: 11.883 GC heap before
{Heap before GC invocations=37 (full 0):
 garbage-first heap   total 193536K, used 158383K [0x0000000080000000, 0x0000000100000000)
  region size 1024K, 68 young (69632K), 9 survivors (9216K)
 Metaspace       used 101216K, committed 101952K, reserved 1179648K
  class space    used 14166K, committed 14528K, reserved 1048576K
}
Event: 11.890 GC heap after
{Heap after GC invocations=38 (full 0):
 garbage-first heap   total 193536K, used 104464K [0x0000000080000000, 0x0000000100000000)
  region size 1024K, 6 young (6144K), 6 survivors (6144K)
 Metaspace       used 101216K, committed 101952K, reserved 1179648K
  class space    used 14166K, committed 14528K, reserved 1048576K
}
Event: 12.317 GC heap before
{Heap before GC invocations=38 (full 0):
 garbage-first heap   total 193536K, used 158736K [0x0000000080000000, 0x0000000100000000)
  region size 1024K, 60 young (61440K), 6 survivors (6144K)
 Metaspace       used 101735K, committed 102464K, reserved 1179648K
  class space    used 14208K, committed 14528K, reserved 1048576K
}
Event: 12.322 GC heap after
{Heap after GC invocations=39 (full 0):
 garbage-first heap   total 193536K, used 106672K [0x0000000080000000, 0x0000000100000000)
  region size 1024K, 5 young (5120K), 5 survivors (5120K)
 Metaspace       used 101735K, committed 102464K, reserved 1179648K
  class space    used 14208K, committed 14528K, reserved 1048576K
}
Event: 12.621 GC heap before
{Heap before GC invocations=39 (full 0):
 garbage-first heap   total 193536K, used 164016K [0x0000000080000000, 0x0000000100000000)
  region size 1024K, 57 young (58368K), 5 survivors (5120K)
 Metaspace       used 103453K, committed 104192K, reserved 1179648K
  class space    used 14371K, committed 14720K, reserved 1048576K
}
Event: 12.627 GC heap after
{Heap after GC invocations=40 (full 0):
 garbage-first heap   total 193536K, used 108640K [0x0000000080000000, 0x0000000100000000)
  region size 1024K, 5 young (5120K), 5 survivors (5120K)
 Metaspace       used 103453K, committed 104192K, reserved 1179648K
  class space    used 14371K, committed 14720K, reserved 1048576K
}
Event: 12.757 GC heap before
{Heap before GC invocations=40 (full 0):
 garbage-first heap   total 193536K, used 128096K [0x0000000080000000, 0x0000000100000000)
  region size 1024K, 26 young (26624K), 5 survivors (5120K)
 Metaspace       used 104353K, committed 105088K, reserved 1179648K
  class space    used 14476K, committed 14848K, reserved 1048576K
}
Event: 12.761 GC heap after
{Heap after GC invocations=41 (full 0):
 garbage-first heap   total 193536K, used 110362K [0x0000000080000000, 0x0000000100000000)
  region size 1024K, 3 young (3072K), 3 survivors (3072K)
 Metaspace       used 104353K, committed 105088K, reserved 1179648K
  class space    used 14476K, committed 14848K, reserved 1048576K
}
Event: 13.018 GC heap before
{Heap before GC invocations=42 (full 0):
 garbage-first heap   total 249856K, used 182042K [0x0000000080000000, 0x0000000100000000)
  region size 1024K, 49 young (50176K), 3 survivors (3072K)
 Metaspace       used 105840K, committed 106560K, reserved 1179648K
  class space    used 14697K, committed 15040K, reserved 1048576K
}
Event: 13.025 GC heap after
{Heap after GC invocations=43 (full 0):
 garbage-first heap   total 249856K, used 144360K [0x0000000080000000, 0x0000000100000000)
  region size 1024K, 7 young (7168K), 7 survivors (7168K)
 Metaspace       used 105840K, committed 106560K, reserved 1179648K
  class space    used 14697K, committed 15040K, reserved 1048576K
}
Event: 13.047 GC heap before
{Heap before GC invocations=43 (full 0):
 garbage-first heap   total 249856K, used 148456K [0x0000000080000000, 0x0000000100000000)
  region size 1024K, 12 young (12288K), 7 survivors (7168K)
 Metaspace       used 105971K, committed 106752K, reserved 1179648K
  class space    used 14725K, committed 15104K, reserved 1048576K
}
Event: 13.050 GC heap after
{Heap after GC invocations=44 (full 0):
 garbage-first heap   total 249856K, used 144041K [0x0000000080000000, 0x0000000100000000)
  region size 1024K, 1 young (1024K), 1 survivors (1024K)
 Metaspace       used 105971K, committed 106752K, reserved 1179648K
  class space    used 14725K, committed 15104K, reserved 1048576K
}
Event: 13.280 GC heap before
{Heap before GC invocations=44 (full 0):
 garbage-first heap   total 249856K, used 211625K [0x0000000080000000, 0x0000000100000000)
  region size 1024K, 58 young (59392K), 1 survivors (1024K)
 Metaspace       used 108356K, committed 109120K, reserved 1179648K
  class space    used 15107K, committed 15488K, reserved 1048576K
}
Event: 13.286 GC heap after
{Heap after GC invocations=45 (full 0):
 garbage-first heap   total 249856K, used 155196K [0x0000000080000000, 0x0000000100000000)
  region size 1024K, 8 young (8192K), 8 survivors (8192K)
 Metaspace       used 108356K, committed 109120K, reserved 1179648K
  class space    used 15107K, committed 15488K, reserved 1048576K
}
Event: 13.353 GC heap before
{Heap before GC invocations=45 (full 0):
 garbage-first heap   total 249856K, used 235068K [0x0000000080000000, 0x0000000100000000)
  region size 1024K, 32 young (32768K), 8 survivors (8192K)
 Metaspace       used 108889K, committed 109760K, reserved 1179648K
  class space    used 15180K, committed 15616K, reserved 1048576K
}
Event: 13.359 GC heap after
{Heap after GC invocations=46 (full 0):
 garbage-first heap   total 251904K, used 182455K [0x0000000080000000, 0x0000000100000000)
  region size 1024K, 6 young (6144K), 6 survivors (6144K)
 Metaspace       used 108889K, committed 109760K, reserved 1179648K
  class space    used 15180K, committed 15616K, reserved 1048576K
}
Event: 13.473 GC heap before
{Heap before GC invocations=47 (full 0):
 garbage-first heap   total 314368K, used 212151K [0x0000000080000000, 0x0000000100000000)
  region size 1024K, 36 young (36864K), 6 survivors (6144K)
 Metaspace       used 110198K, committed 111040K, reserved 1179648K
  class space    used 15382K, committed 15808K, reserved 1048576K
}
Event: 13.477 GC heap after
{Heap after GC invocations=48 (full 0):
 garbage-first heap   total 314368K, used 186442K [0x0000000080000000, 0x0000000100000000)
  region size 1024K, 4 young (4096K), 4 survivors (4096K)
 Metaspace       used 110198K, committed 111040K, reserved 1179648K
  class space    used 15382K, committed 15808K, reserved 1048576K
}
Event: 13.499 GC heap before
{Heap before GC invocations=48 (full 0):
 garbage-first heap   total 314368K, used 196682K [0x0000000080000000, 0x0000000100000000)
  region size 1024K, 15 young (15360K), 4 survivors (4096K)
 Metaspace       used 110407K, committed 111232K, reserved 1179648K
  class space    used 15403K, committed 15808K, reserved 1048576K
}

