# JRE version: OpenJDK Runtime Environment (17.0.11) (build 17.0.11+0--11852314)
# Java VM: OpenJDK 64-Bit Server VM (17.0.11+0--11852314, mixed mode, tiered, compressed oops, compressed class ptrs, g1 gc, windows-amd64)
GC Precious Log:
 CPUs: 8 total, 8 available
 Memory: 15694M
 Large Page Support: Disabled
 NUMA Support: Disabled
 Compressed Oops: Enabled (32-bit)
 Heap Region Size: 1M
 Heap Min Capacity: 8M
 Heap Initial Capacity: 246M
 Heap Max Capacity: 2G
 Pre-touch: Disabled
 Parallel Workers: 8
 Concurrent Workers: 2
 Concurrent Refinement Workers: 8
 Periodic GC: Disabled
Heap:
 garbage-first heap   total 302080K, used 182475K [0x0000000080000000, 0x0000000100000000)
  region size 1024K, 2 young (2048K), 2 survivors (2048K)
 Metaspace       used 116561K, committed 117440K, reserved 1179648K
  class space    used 16063K, committed 16448K, reserved 1048576K
GC Heap History (20 events):
Event: 14.721 GC heap after
{Heap after GC invocations=36 (full 0):
 garbage-first heap   total 198656K, used 109039K [0x0000000080000000, 0x0000000100000000)
  region size 1024K, 5 young (5120K), 5 survivors (5120K)
 Metaspace       used 106837K, committed 107520K, reserved 1179648K
  class space    used 14762K, committed 15104K, reserved 1048576K
}
Event: 14.879 GC heap before
{Heap before GC invocations=36 (full 0):
 garbage-first heap   total 198656K, used 122351K [0x0000000080000000, 0x0000000100000000)
  region size 1024K, 19 young (19456K), 5 survivors (5120K)
 Metaspace       used 107867K, committed 108608K, reserved 1179648K
  class space    used 14870K, committed 15232K, reserved 1048576K
}
Event: 14.883 GC heap after
{Heap after GC invocations=37 (full 0):
 garbage-first heap   total 198656K, used 111310K [0x0000000080000000, 0x0000000100000000)
  region size 1024K, 3 young (3072K), 3 survivors (3072K)
 Metaspace       used 107867K, committed 108608K, reserved 1179648K
  class space    used 14870K, committed 15232K, reserved 1048576K
}
Event: 39.265 GC heap before
{Heap before GC invocations=38 (full 0):
 garbage-first heap   total 198656K, used 161486K [0x0000000080000000, 0x0000000100000000)
  region size 1024K, 53 young (54272K), 3 survivors (3072K)
 Metaspace       used 110550K, committed 111424K, reserved 1179648K
  class space    used 15282K, committed 15680K, reserved 1048576K
}
Event: 39.269 GC heap after
{Heap after GC invocations=39 (full 0):
 garbage-first heap   total 198656K, used 113823K [0x0000000080000000, 0x0000000100000000)
  region size 1024K, 5 young (5120K), 5 survivors (5120K)
 Metaspace       used 110550K, committed 111424K, reserved 1179648K
  class space    used 15282K, committed 15680K, reserved 1048576K
}
Event: 39.348 GC heap before
{Heap before GC invocations=39 (full 0):
 garbage-first heap   total 198656K, used 116895K [0x0000000080000000, 0x0000000100000000)
  region size 1024K, 9 young (9216K), 5 survivors (5120K)
 Metaspace       used 110578K, committed 111424K, reserved 1179648K
  class space    used 15284K, committed 15680K, reserved 1048576K
}
Event: 39.353 GC heap after
{Heap after GC invocations=40 (full 0):
 garbage-first heap   total 198656K, used 112967K [0x0000000080000000, 0x0000000100000000)
  region size 1024K, 2 young (2048K), 2 survivors (2048K)
 Metaspace       used 110578K, committed 111424K, reserved 1179648K
  class space    used 15284K, committed 15680K, reserved 1048576K
}
Event: 40.077 GC heap before
{Heap before GC invocations=40 (full 0):
 garbage-first heap   total 198656K, used 162119K [0x0000000080000000, 0x0000000100000000)
  region size 1024K, 51 young (52224K), 2 survivors (2048K)
 Metaspace       used 111951K, committed 112768K, reserved 1179648K
  class space    used 15443K, committed 15872K, reserved 1048576K
}
Event: 40.082 GC heap after
{Heap after GC invocations=41 (full 0):
 garbage-first heap   total 198656K, used 119390K [0x0000000080000000, 0x0000000100000000)
  region size 1024K, 7 young (7168K), 7 survivors (7168K)
 Metaspace       used 111951K, committed 112768K, reserved 1179648K
  class space    used 15443K, committed 15872K, reserved 1048576K
}
Event: 40.703 GC heap before
{Heap before GC invocations=42 (full 0):
 garbage-first heap   total 211968K, used 163422K [0x0000000080000000, 0x0000000100000000)
  region size 1024K, 50 young (51200K), 7 survivors (7168K)
 Metaspace       used 112548K, committed 113408K, reserved 1179648K
  class space    used 15480K, committed 15936K, reserved 1048576K
}
Event: 40.714 GC heap after
{Heap after GC invocations=43 (full 0):
 garbage-first heap   total 211968K, used 124148K [0x0000000080000000, 0x0000000100000000)
  region size 1024K, 5 young (5120K), 5 survivors (5120K)
 Metaspace       used 112548K, committed 113408K, reserved 1179648K
  class space    used 15480K, committed 15936K, reserved 1048576K
}
Event: 40.739 GC heap before
{Heap before GC invocations=43 (full 0):
 garbage-first heap   total 211968K, used 128244K [0x0000000080000000, 0x0000000100000000)
  region size 1024K, 10 young (10240K), 5 survivors (5120K)
 Metaspace       used 112551K, committed 113408K, reserved 1179648K
  class space    used 15480K, committed 15936K, reserved 1048576K
}
Event: 40.749 GC heap after
{Heap after GC invocations=44 (full 0):
 garbage-first heap   total 211968K, used 119031K [0x0000000080000000, 0x0000000100000000)
  region size 1024K, 2 young (2048K), 2 survivors (2048K)
 Metaspace       used 112551K, committed 113408K, reserved 1179648K
  class space    used 15480K, committed 15936K, reserved 1048576K
}
Event: 41.284 GC heap before
{Heap before GC invocations=44 (full 0):
 garbage-first heap   total 211968K, used 196855K [0x0000000080000000, 0x0000000100000000)
  region size 1024K, 54 young (55296K), 2 survivors (2048K)
 Metaspace       used 113744K, committed 114624K, reserved 1179648K
  class space    used 15632K, committed 16064K, reserved 1048576K
}
Event: 41.288 GC heap after
{Heap after GC invocations=45 (full 0):
 garbage-first heap   total 211968K, used 150358K [0x0000000080000000, 0x0000000100000000)
  region size 1024K, 7 young (7168K), 7 survivors (7168K)
 Metaspace       used 113744K, committed 114624K, reserved 1179648K
  class space    used 15632K, committed 16064K, reserved 1048576K
}
Event: 41.531 GC heap before
{Heap before GC invocations=45 (full 0):
 garbage-first heap   total 211968K, used 171862K [0x0000000080000000, 0x0000000100000000)
  region size 1024K, 30 young (30720K), 7 survivors (7168K)
 Metaspace       used 115893K, committed 116800K, reserved 1179648K
  class space    used 15955K, committed 16384K, reserved 1048576K
}
Event: 41.534 GC heap after
{Heap after GC invocations=46 (full 0):
 garbage-first heap   total 211968K, used 152193K [0x0000000080000000, 0x0000000100000000)
  region size 1024K, 2 young (2048K), 2 survivors (2048K)
 Metaspace       used 115893K, committed 116800K, reserved 1179648K
  class space    used 15955K, committed 16384K, reserved 1048576K
}
Event: 41.705 GC heap before
{Heap before GC invocations=47 (full 0):
 garbage-first heap   total 302080K, used 245377K [0x0000000080000000, 0x0000000100000000)
  region size 1024K, 28 young (28672K), 2 survivors (2048K)
 Metaspace       used 116391K, committed 117248K, reserved 1179648K
  class space    used 16032K, committed 16448K, reserved 1048576K
}
Event: 41.709 GC heap after
{Heap after GC invocations=48 (full 0):
 garbage-first heap   total 302080K, used 183506K [0x0000000080000000, 0x0000000100000000)
  region size 1024K, 4 young (4096K), 4 survivors (4096K)
 Metaspace       used 116391K, committed 117248K, reserved 1179648K
  class space    used 16032K, committed 16448K, reserved 1048576K
}
Event: 41.755 GC heap before
{Heap before GC invocations=48 (full 0):
 garbage-first heap   total 302080K, used 192722K [0x0000000080000000, 0x0000000100000000)
  region size 1024K, 14 young (14336K), 4 survivors (4096K)
 Metaspace       used 116561K, committed 117440K, reserved 1179648K
  class space    used 16063K, committed 16448K, reserved 1048576K
}

